2022-02-07 23:34:12,555 INFO org.springframework.boot.StartupInfoLogger [main] Starting EmployeeManagementApplication using Java 14.0.1 on DESKTOP-EJ37FD7 with PID 12452 (C:\Users\LENOVO\eclipse-workspace\Employee-Management\target\classes started by LENOVO in C:\Users\LENOVO\eclipse-workspace\Employee-Management)
2022-02-07 23:34:12,559 DEBUG org.springframework.boot.StartupInfoLogger [main] Running with Spring Boot v2.6.3, Spring v5.3.15
2022-02-07 23:34:12,560 INFO org.springframework.boot.SpringApplication [main] No active profile set, falling back to default profiles: default
2022-02-07 23:34:14,083 INFO org.springframework.data.repository.config.RepositoryConfigurationDelegate [main] Bootstrapping Spring Data JPA repositories in DEFAULT mode.
2022-02-07 23:34:14,255 INFO org.springframework.data.repository.config.RepositoryConfigurationDelegate [main] Finished Spring Data repository scanning in 149 ms. Found 1 JPA repository interfaces.
2022-02-07 23:34:15,523 INFO org.springframework.boot.web.embedded.tomcat.TomcatWebServer [main] Tomcat initialized with port(s): 9290 (http)
2022-02-07 23:34:15,563 INFO org.apache.juli.logging.DirectJDKLog [main] Initializing ProtocolHandler ["http-nio-9290"]
2022-02-07 23:34:15,566 INFO org.apache.juli.logging.DirectJDKLog [main] Starting service [Tomcat]
2022-02-07 23:34:15,567 INFO org.apache.juli.logging.DirectJDKLog [main] Starting Servlet engine: [Apache Tomcat/9.0.56]
2022-02-07 23:34:15,843 INFO org.apache.juli.logging.DirectJDKLog [main] Initializing Spring embedded WebApplicationContext
2022-02-07 23:34:15,844 INFO org.springframework.boot.web.servlet.context.ServletWebServerApplicationContext [main] Root WebApplicationContext: initialization completed in 3194 ms
2022-02-07 23:34:16,236 INFO org.hibernate.jpa.internal.util.LogHelper [main] HHH000204: Processing PersistenceUnitInfo [name: default]
2022-02-07 23:34:16,364 INFO org.hibernate.Version [main] HHH000412: Hibernate ORM core version 5.6.4.Final
2022-02-07 23:34:16,665 INFO org.hibernate.annotations.common.reflection.java.JavaReflectionManager [main] HCANN000001: Hibernate Commons Annotations {5.1.2.Final}
2022-02-07 23:34:16,892 INFO com.zaxxer.hikari.HikariDataSource [main] HikariPool-1 - Starting...
2022-02-07 23:34:17,627 INFO com.zaxxer.hikari.HikariDataSource [main] HikariPool-1 - Start completed.
2022-02-07 23:34:17,664 INFO org.hibernate.dialect.Dialect [main] HHH000400: Using dialect: org.hibernate.dialect.MySQL5Dialect
2022-02-07 23:34:19,183 INFO org.hibernate.engine.transaction.jta.platform.internal.JtaPlatformInitiator [main] HHH000490: Using JtaPlatform implementation: [org.hibernate.engine.transaction.jta.platform.internal.NoJtaPlatform]
2022-02-07 23:34:19,198 INFO org.springframework.orm.jpa.AbstractEntityManagerFactoryBean [main] Initialized JPA EntityManagerFactory for persistence unit 'default'
2022-02-07 23:34:20,030 WARN org.springframework.boot.autoconfigure.orm.jpa.JpaBaseConfiguration$JpaWebConfiguration [main] spring.jpa.open-in-view is enabled by default. Therefore, database queries may be performed during view rendering. Explicitly configure spring.jpa.open-in-view to disable this warning
2022-02-07 23:34:20,578 INFO org.apache.juli.logging.DirectJDKLog [main] Starting ProtocolHandler ["http-nio-9290"]
2022-02-07 23:34:20,617 INFO org.springframework.boot.web.embedded.tomcat.TomcatWebServer [main] Tomcat started on port(s): 9290 (http) with context path ''
2022-02-07 23:34:20,628 INFO org.springframework.boot.StartupInfoLogger [main] Started EmployeeManagementApplication in 8.859 seconds (JVM running for 9.587)
2022-02-07 23:34:27,796 INFO org.apache.juli.logging.DirectJDKLog [http-nio-9290-exec-3] Initializing Spring DispatcherServlet 'dispatcherServlet'
2022-02-07 23:34:27,800 INFO org.springframework.web.servlet.FrameworkServlet [http-nio-9290-exec-3] Initializing Servlet 'dispatcherServlet'
2022-02-07 23:34:27,802 INFO org.springframework.web.servlet.FrameworkServlet [http-nio-9290-exec-3] Completed initialization in 1 ms
2022-02-07 23:34:27,843 TRACE com.example.Employee.Management.controller.HomeController [http-nio-9290-exec-3] A TRACE Message
2022-02-07 23:34:27,844 DEBUG com.example.Employee.Management.controller.HomeController [http-nio-9290-exec-3] A DEBUG Message
2022-02-07 23:34:27,844 INFO com.example.Employee.Management.controller.HomeController [http-nio-9290-exec-3] An INFO Message
2022-02-07 23:34:27,845 WARN com.example.Employee.Management.controller.HomeController [http-nio-9290-exec-3] A WARN Message
2022-02-07 23:34:27,845 ERROR com.example.Employee.Management.controller.HomeController [http-nio-9290-exec-3] An ERROR Message
2022-02-07 23:43:32,565 INFO org.springframework.boot.StartupInfoLogger [main] Starting EmployeeManagementApplication using Java 14.0.1 on DESKTOP-EJ37FD7 with PID 7232 (C:\Users\LENOVO\eclipse-workspace\Employee-Management\target\classes started by LENOVO in C:\Users\LENOVO\eclipse-workspace\Employee-Management)
2022-02-07 23:43:32,572 DEBUG org.springframework.boot.StartupInfoLogger [main] Running with Spring Boot v2.6.3, Spring v5.3.15
2022-02-07 23:43:32,572 INFO org.springframework.boot.SpringApplication [main] No active profile set, falling back to default profiles: default
2022-02-07 23:43:33,918 INFO org.springframework.data.repository.config.RepositoryConfigurationDelegate [main] Bootstrapping Spring Data JPA repositories in DEFAULT mode.
2022-02-07 23:43:34,138 INFO org.springframework.data.repository.config.RepositoryConfigurationDelegate [main] Finished Spring Data repository scanning in 193 ms. Found 1 JPA repository interfaces.
2022-02-07 23:43:35,134 INFO org.springframework.boot.web.embedded.tomcat.TomcatWebServer [main] Tomcat initialized with port(s): 9290 (http)
2022-02-07 23:43:35,154 INFO org.apache.juli.logging.DirectJDKLog [main] Initializing ProtocolHandler ["http-nio-9290"]
2022-02-07 23:43:35,155 INFO org.apache.juli.logging.DirectJDKLog [main] Starting service [Tomcat]
2022-02-07 23:43:35,156 INFO org.apache.juli.logging.DirectJDKLog [main] Starting Servlet engine: [Apache Tomcat/9.0.56]
2022-02-07 23:43:35,377 INFO org.apache.juli.logging.DirectJDKLog [main] Initializing Spring embedded WebApplicationContext
2022-02-07 23:43:35,378 INFO org.springframework.boot.web.servlet.context.ServletWebServerApplicationContext [main] Root WebApplicationContext: initialization completed in 2667 ms
2022-02-07 23:43:35,765 INFO org.hibernate.jpa.internal.util.LogHelper [main] HHH000204: Processing PersistenceUnitInfo [name: default]
2022-02-07 23:43:35,883 INFO org.hibernate.Version [main] HHH000412: Hibernate ORM core version 5.6.4.Final
2022-02-07 23:43:36,214 INFO org.hibernate.annotations.common.reflection.java.JavaReflectionManager [main] HCANN000001: Hibernate Commons Annotations {5.1.2.Final}
2022-02-07 23:43:36,434 INFO com.zaxxer.hikari.HikariDataSource [main] HikariPool-1 - Starting...
2022-02-07 23:43:37,074 INFO com.zaxxer.hikari.HikariDataSource [main] HikariPool-1 - Start completed.
2022-02-07 23:43:37,108 INFO org.hibernate.dialect.Dialect [main] HHH000400: Using dialect: org.hibernate.dialect.MySQL5Dialect
2022-02-07 23:43:38,282 INFO org.hibernate.engine.transaction.jta.platform.internal.JtaPlatformInitiator [main] HHH000490: Using JtaPlatform implementation: [org.hibernate.engine.transaction.jta.platform.internal.NoJtaPlatform]
2022-02-07 23:43:38,296 INFO org.springframework.orm.jpa.AbstractEntityManagerFactoryBean [main] Initialized JPA EntityManagerFactory for persistence unit 'default'
2022-02-07 23:43:39,251 WARN org.springframework.boot.autoconfigure.orm.jpa.JpaBaseConfiguration$JpaWebConfiguration [main] spring.jpa.open-in-view is enabled by default. Therefore, database queries may be performed during view rendering. Explicitly configure spring.jpa.open-in-view to disable this warning
2022-02-07 23:43:39,727 INFO org.apache.juli.logging.DirectJDKLog [main] Starting ProtocolHandler ["http-nio-9290"]
2022-02-07 23:43:39,767 INFO org.springframework.boot.web.embedded.tomcat.TomcatWebServer [main] Tomcat started on port(s): 9290 (http) with context path ''
2022-02-07 23:43:39,779 INFO org.springframework.boot.StartupInfoLogger [main] Started EmployeeManagementApplication in 7.994 seconds (JVM running for 8.774)
2022-02-07 23:43:44,854 INFO org.apache.juli.logging.DirectJDKLog [http-nio-9290-exec-1] Initializing Spring DispatcherServlet 'dispatcherServlet'
2022-02-07 23:43:44,909 DEBUG com.example.Employee.Management.controller.HomeController [http-nio-9290-exec-1] A DEBUG Message
2022-02-07 23:43:44,910 INFO com.example.Employee.Management.controller.HomeController [http-nio-9290-exec-1] An INFO Message
2022-02-07 23:43:44,911 WARN com.example.Employee.Management.controller.HomeController [http-nio-9290-exec-1] A WARN Message
2022-02-07 23:43:44,911 ERROR com.example.Employee.Management.controller.HomeController [http-nio-9290-exec-1] An ERROR Message
